<?xml version="1.0" encoding="UTF-8"?><testsuite errors="1" failures="0" name="Automation test" skipped="0" tests="1" time="37.89" timestamp="2017-07-195 10:24:08"><testcase name="Automation test"><error message="android.support.test.espresso.NoMatchingViewException: No views in hierarchy found matching: with id: com.sbg.mobile.phone.trunk:id/newLimitInputDone&#10;&#10;View Hierarchy:&#10;+&gt;DecorView{id=-1, visibility=VISIBLE, width=1440, height=2560, has-focus=false, has-focusable=true, has-window-focus=true, is-clickable=false, is-enabled=true, is-focused=false, is-focusable=false, is-layout-requested=false, is-selected=false, root-is-layout-requested=false, has-input-connection=false, x=0.0, y=0.0, child-count=3} &#10;|&#10;+-&gt;LinearLayout{id=-1, visibility=VISIBLE, width=1440, height=2392, has-focus=false, has-focusable=true, has-window-focus=true, is-clickable=false, is-enabled=true, is-focused=false, is-focusable=false, is-layout-requested=false, is-selected=false, root-is-layout-requested=false, has-input-connection=false, x=0.0, y=0.0, child-count=2} &#10;|&#10;+--&gt;ViewStub{id=16909295, res-name=action_mode_bar_stub, visibility=GONE, width=0, height=0, has-focus=false, has-focusable=false, has-window-focus=true, is-clickable=false, is-enabled=true, is-focused=false, is-focusable=false, is-layout-requested=true, is-selected=false, root-is-layout-requested=false, has-input-connection=false, x=0.0, y=0.0} &#10;|&#10;+--&gt;FrameLayout{id=-1, visibility=VISIBLE, width=1440, height=2308, has-focus=false, has-focusable=true, has-window-focus=true, is-clickable=false, is-enabled=true, is-focused=false, is-focusable=false, is-layout-requested=false, is-selected=false, root-is-layout-requested=false, has-input-connection=false, x=0.0, y=84.0, child-count=1} &#10;|&#10;+---&gt;FitWindowsFrameLayout{id=2131755197, res-name=action_bar_root, visibility=VISIBLE, width=1440, height=2308, has-focus=false, has-focusable=true, has-window-focus=true, is-clickable=false, is-enabled=true, is-focused=false, is-focusable=false, is-layout-requested=false, is-selected=false, root-is-layout-requested=false, has-input-connection=false, x=0.0, y=0.0, child-count=2} &#10;|&#10;+----&gt;ContentFrameLayout{id=16908290, res-name=content, visibility=VISIBLE, width=1440, height=2308, has-focus=false, has-focusable=true, has-window-focus=true, is-clickable=false, is-enabled=true, is-focused=false, is-focusable=false, is-layout-requested=false, is-selected=false, root-is-layout-requested=false, has-input-connection=false, x=0.0, y=0.0, child-count=1} &#10;|&#10;+-----&gt;LinearLayout{id=-1, visibility=VISIBLE, width=1440, height=2308, has-focus=false, has-focusable=true, has-window-focus=true, is-clickable=false, is-enabled=true, is-focused=false, is-focusable=false, is-layout-requested=false, is-selected=false, root-is-layout-requested=false, has-input-connection=false, x=0.0, y=0.0, child-count=2} &#10;|&#10;+------&gt;Toolbar{id=2131755305, res-name=sbg_tool_bar, visibility=VISIBLE, width=1440, height=196, has-focus=false, has-focusable=true, has-window-focus=true, is-clickable=false, is-enabled=true, is-focused=false, is-focusable=false, is-layout-requested=false, is-selected=false, root-is-layout-requested=false, has-input-connection=false, x=0.0, y=0.0, child-count=4} &#10;|&#10;+-------&gt;AppCompatImageButton{id=-1, desc=Navigate up, visibility=VISIBLE, width=196, height=196, has-focus=false, has-focusable=true, has-window-focus=true, is-clickable=true, is-enabled=true, is-focused=false, is-focusable=true, is-layout-requested=false, is-selected=false, root-is-layout-requested=false, has-input-connection=false, x=0.0, y=0.0} &#10;|&#10;+-------&gt;AppCompatTextView{id=-1, visibility=VISIBLE, width=676, height=100, has-focus=false, has-focusable=false, has-window-focus=true, is-clickable=false, is-enabled=true, is-focused=false, is-focusable=false, is-layout-requested=false, is-selected=false, root-is-layout-requested=false, has-input-connection=false, x=252.0, y=15.0, text=Credit Limit Increase, input-type=0, ime-target=false, has-links=false} &#10;|&#10;+-------&gt;AppCompatTextView{id=-1, visibility=VISIBLE, width=490, height=66, has-focus=false, has-focusable=false, has-window-focus=true, is-clickable=false, is-enabled=true, is-focused=false, is-focusable=false, is-layout-requested=false, is-selected=false, root-is-layout-requested=false, has-input-connection=false, x=252.0, y=115.0, text=5120-5503-0641-2204, input-type=0, ime-target=false, has-links=false} &#10;|&#10;+-------&gt;ActionMenuView{id=-1, visibility=VISIBLE, width=0, height=196, has-focus=false, has-focusable=false, has-window-focus=true, is-clickable=false, is-enabled=true, is-focused=false, is-focusable=false, is-layout-requested=false, is-selected=false, root-is-layout-requested=false, has-input-connection=false, x=1440.0, y=0.0, child-count=0} &#10;|&#10;+------&gt;LinearLayout{id=2131755376, res-name=fragment_container, visibility=VISIBLE, width=1440, height=2112, has-focus=false, has-focusable=false, has-window-focus=true, is-clickable=false, is-enabled=true, is-focused=false, is-focusable=false, is-layout-requested=false, is-selected=false, root-is-layout-requested=false, has-input-connection=false, x=0.0, y=196.0, child-count=1} &#10;|&#10;+-------&gt;LinearLayout{id=-1, visibility=VISIBLE, width=1440, height=2112, has-focus=false, has-focusable=false, has-window-focus=true, is-clickable=false, is-enabled=true, is-focused=false, is-focusable=false, is-layout-requested=false, is-selected=false, root-is-layout-requested=false, has-input-connection=false, x=0.0, y=0.0, child-count=3} &#10;|&#10;+--------&gt;LinearLayout{id=2131756214, res-name=income_expenses_content, visibility=GONE, width=1440, height=2112, has-focus=false, has-focusable=false, has-window-focus=true, is-clickable=false, is-enabled=true, is-focused=false, is-focusable=false, is-layout-requested=true, is-selected=false, root-is-layout-requested=false, has-input-connection=false, x=0.0, y=0.0, child-count=5} &#10;|&#10;+---------&gt;AppCompatTextView{id=-1, visibility=VISIBLE, width=275, height=66, has-focus=false, has-focusable=false, has-window-focus=true, is-clickable=false, is-enabled=true, is-focused=false, is-focusable=false, is-layout-requested=false, is-selected=false, root-is-layout-requested=false, has-input-connection=false, x=56.0, y=56.0, text=Current limit, input-type=0, ime-target=false, has-links=false} &#10;|&#10;+---------&gt;AppCompatTextView{id=2131756215, res-name=tv_current_limit, visibility=VISIBLE, width=188, height=76, has-focus=false, has-focusable=false, has-window-focus=true, is-clickable=false, is-enabled=true, is-focused=false, is-focusable=false, is-layout-requested=false, is-selected=false, root-is-layout-requested=false, has-input-connection=false, x=56.0, y=122.0, text=R 10.00, input-type=0, ime-target=false, has-links=false} &#10;|&#10;+---------&gt;AmountCurrencyInputItemWithHintTextAndCurrencyIndicatorView{id=2131756216, res-name=income_input, visibility=VISIBLE, width=1328, height=318, has-focus=false, has-focusable=true, has-window-focus=true, is-clickable=false, is-enabled=true, is-focused=false, is-focusable=false, is-layout-requested=true, is-selected=false, root-is-layout-requested=false, has-input-connection=false, x=56.0, y=307.0, child-count=1} &#10;|&#10;+----------&gt;LinearLayout{id=-1, visibility=VISIBLE, width=1328, height=234, has-focus=false, has-focusable=true, has-window-focus=true, is-clickable=false, is-enabled=true, is-focused=false, is-focusable=false, is-layout-requested=true, is-selected=false, root-is-layout-requested=false, has-input-connection=false, x=0.0, y=0.0, child-count=5} &#10;|&#10;+-----------&gt;AppCompatTextView{id=2131755466, res-name=header, visibility=VISIBLE, width=419, height=57, has-focus=false, has-focusable=false, has-window-focus=true, is-clickable=false, is-enabled=true, is-focused=false, is-focusable=false, is-layout-requested=false, is-selected=false, root-is-layout-requested=false, has-input-connection=false, x=0.0, y=0.0, text=Gross monthly income, input-type=0, ime-target=false, has-links=false} &#10;|&#10;+-----------&gt;RelativeLayout{id=-1, visibility=VISIBLE, width=1328, height=76, has-focus=false, has-focusable=true, has-window-focus=true, is-clickable=false, is-enabled=true, is-focused=false, is-focusable=false, is-layout-requested=false, is-selected=false, root-is-layout-requested=false, has-input-connection=false, x=0.0, y=75.0, child-count=3} &#10;|&#10;+------------&gt;AppCompatTextView{id=2131755467, res-name=currency_holder, visibility=VISIBLE, width=63, height=76, has-focus=false, has-focusable=false, has-window-focus=true, is-clickable=false, is-enabled=true, is-focused=false, is-focusable=false, is-layout-requested=false, is-selected=false, root-is-layout-requested=false, has-input-connection=false, x=0.0, y=0.0, text=R, input-type=0, ime-target=false, has-links=false} &#10;|&#10;+------------&gt;AppCompatTextView{id=2131755468, res-name=currency_pipe, visibility=VISIBLE, width=42, height=76, has-focus=false, has-focusable=false, has-window-focus=true, is-clickable=false, is-enabled=true, is-focused=false, is-focusable=false, is-layout-requested=false, is-selected=false, root-is-layout-requested=false, has-input-connection=false, x=63.0, y=0.0, text=|, input-type=0, ime-target=false, has-links=false} &#10;|&#10;+------------&gt;AppCompatEditText{id=2131755469, res-name=input, visibility=VISIBLE, width=1223, height=76, has-focus=false, has-focusable=true, has-window-focus=true, is-clickable=true, is-enabled=true, is-focused=false, is-focusable=true, is-layout-requested=false, is-selected=false, root-is-layout-requested=false, has-input-connection=true, editor-info=[inputType=0x1002 imeOptions=0x40000006 privateImeOptions=null actionLabel=null actionId=0 initialSelStart=5 initialSelEnd=5 initialCapsMode=0x1000 hintText=null label=null packageName=null fieldId=0 fieldName=null extras=null hintLocales=null contentMimeTypes=null ], x=105.0, y=0.0, text=12345, input-type=4098, ime-target=true, has-links=false} &#10;|&#10;+-----------&gt;View{id=2131755470, res-name=divider, visibility=VISIBLE, width=1328, height=1, has-focus=false, has-focusable=false, has-window-focus=true, is-clickable=false, is-enabled=true, is-focused=false, is-focusable=false, is-layout-requested=true, is-selected=false, root-is-layout-requested=false, has-input-connection=false, x=0.0, y=176.0} &#10;|&#10;+-----------&gt;AppCompatTextView{id=2131755471, res-name=error, visibility=GONE, width=0, height=0, has-focus=false, has-focusable=false, has-window-focus=true, is-clickable=false, is-enabled=true, is-focused=false, is-focusable=false, is-layout-requested=true, is-selected=false, root-is-layout-requested=false, has-input-connection=false, x=0.0, y=0.0, text=, input-type=0, ime-target=false, has-links=false} &#10;|&#10;+-----------&gt;AppCompatTextView{id=2131755472, res-name=footer, visibility=VISIBLE, width=990, height=57, has-focus=false, has-focusable=false, has-window-focus=true, is-clickable=false, is-enabled=true, is-focused=false, is-focusable=false, is-layout-requested=false, is-selected=false, root-is-layout-requested=false, has-input-connection=false, x=0.0, y=177.0, text=Tell us how much you earn before tax and deductions, input-type=0, ime-target=false, has-links=false} &#10;|&#10;+---------&gt;AmountCurrencyInputItemWithHintTextAndCurrencyIndicatorView{id=2131756217, res-name=expense_input, visibility=VISIBLE, width=1328, height=371, has-focus=false, has-focusable=true, has-window-focus=true, is-clickable=false, is-enabled=true, is-focused=false, is-focusable=false, is-layout-requested=true, is-selected=false, root-is-layout-requested=false, has-input-connection=false, x=56.0, y=625.0, child-count=1} &#10;|&#10;+----------&gt;LinearLayout{id=-1, visibility=VISIBLE, width=1328, height=287, has-focus=false, has-focusable=true, has-window-focus=true, is-clickable=false, is-enabled=true, is-focused=false, is-focusable=false, is-layout-requested=true, is-selected=false, root-is-layout-requested=false, has-input-connection=false, x=0.0, y=0.0, child-count=5} &#10;|&#10;+-----------&gt;AppCompatTextView{id=2131755466, res-name=header, visibility=VISIBLE, width=441, height=57, has-focus=false, has-focusable=false, has-window-focus=true, is-clickable=false, is-enabled=true, is-focused=false, is-focusable=false, is-layout-requested=false, is-selected=false, root-is-layout-requested=false, has-input-connection=false, x=0.0, y=0.0, text=Total monthly expenses, input-type=0, ime-target=false, has-links=false} &#10;|&#10;+-----------&gt;RelativeLayout{id=-1, visibility=VISIBLE, width=1328, height=76, has-focus=false, has-focusable=true, has-window-focus=true, is-clickable=false, is-enabled=true, is-focused=false, is-focusable=false, is-layout-requested=false, is-selected=false, root-is-layout-requested=false, has-input-connection=false, x=0.0, y=75.0, child-count=3} &#10;|&#10;+------------&gt;AppCompatTextView{id=2131755467, res-name=currency_holder, visibility=VISIBLE, width=63, height=76, has-focus=false, has-focusable=false, has-window-focus=true, is-clickable=false, is-enabled=true, is-focused=false, is-focusable=false, is-layout-requested=false, is-selected=false, root-is-layout-requested=false, has-input-connection=false, x=0.0, y=0.0, text=R, input-type=0, ime-target=false, has-links=false} &#10;|&#10;+------------&gt;AppCompatTextView{id=2131755468, res-name=currency_pipe, visibility=VISIBLE, width=42, height=76, has-focus=false, has-focusable=false, has-window-focus=true, is-clickable=false, is-enabled=true, is-focused=false, is-focusable=false, is-layout-requested=false, is-selected=false, root-is-layout-requested=false, has-input-connection=false, x=63.0, y=0.0, text=|, input-type=0, ime-target=false, has-links=false} &#10;|&#10;+------------&gt;AppCompatEditText{id=2131755469, res-name=input, visibility=VISIBLE, width=1223, height=76, has-focus=false, has-focusable=true, has-window-focus=true, is-clickable=true, is-enabled=true, is-focused=false, is-focusable=true, is-layout-requested=false, is-selected=false, root-is-layout-requested=false, has-input-connection=true, editor-info=[inputType=0x1002 imeOptions=0x40000006 privateImeOptions=null actionLabel=null actionId=0 initialSelStart=5 initialSelEnd=5 initialCapsMode=0x1000 hintText=null label=null packageName=null fieldId=0 fieldName=null extras=null hintLocales=null contentMimeTypes=null ], x=105.0, y=0.0, text=11111, input-type=4098, ime-target=false, has-links=false} &#10;|&#10;+-----------&gt;View{id=2131755470, res-name=divider, visibility=VISIBLE, width=1328, height=5, has-focus=false, has-focusable=false, has-window-focus=true, is-clickable=false, is-enabled=true, is-focused=false, is-focusable=false, is-layout-requested=true, is-selected=false, root-is-layout-requested=false, has-input-connection=false, x=0.0, y=176.0} &#10;|&#10;+-----------&gt;AppCompatTextView{id=2131755471, res-name=error, visibility=GONE, width=0, height=0, has-focus=false, has-focusable=false, has-window-focus=true, is-clickable=false, is-enabled=true, is-focused=false, is-focusable=false, is-layout-requested=true, is-selected=false, root-is-layout-requested=false, has-input-connection=false, x=0.0, y=0.0, text=, input-type=0, ime-target=false, has-links=false} &#10;|&#10;+-----------&gt;AppCompatTextView{id=2131755472, res-name=footer, visibility=VISIBLE, width=1328, height=106, has-focus=false, has-focusable=false, has-window-focus=true, is-clickable=false, is-enabled=true, is-focused=false, is-focusable=false, is-layout-requested=false, is-selected=false, root-is-layout-requested=false, has-input-connection=false, x=0.0, y=181.0, text=Include any loans, rent, bills, debit orders, investments, petrol and other living costs, input-type=0, ime-target=false, has-links=false} &#10;|&#10;+---------&gt;AppCompatTextView{id=2131756218, res-name=btn_income_expenses_done, visibility=VISIBLE, width=235, height=136, has-focus=false, has-focusable=false, has-window-focus=true, is-clickable=true, is-enabled=true, is-focused=false, is-focusable=false, is-layout-requested=false, is-selected=false, root-is-layout-requested=false, has-input-connection=false, x=1093.0, y=996.0, text=NEXT, input-type=0, ime-target=false, has-links=false} &#10;|&#10;+--------&gt;FrameLayout{id=2131755339, res-name=progress_view, visibility=GONE, width=1440, height=2112, has-focus=false, has-focusable=false, has-window-focus=true, is-clickable=false, is-enabled=true, is-focused=false, is-focusable=false, is-layout-requested=true, is-selected=false, root-is-layout-requested=false, has-input-connection=false, x=0.0, y=0.0, child-count=1} &#10;|&#10;+---------&gt;CircularProgressBar{id=2131755510, res-name=progress_bar, visibility=VISIBLE, width=154, height=154, has-focus=false, has-focusable=false, has-window-focus=true, is-clickable=false, is-enabled=true, is-focused=false, is-focusable=false, is-layout-requested=false, is-selected=false, root-is-layout-requested=false, has-input-connection=false, x=643.0, y=979.0} &#10;|&#10;+--------&gt;LinearLayout{id=2131756219, res-name=retry_view, visibility=VISIBLE, width=1440, height=2112, has-focus=false, has-focusable=false, has-window-focus=true, is-clickable=true, is-enabled=true, is-focused=false, is-focusable=false, is-layout-requested=false, is-selected=false, root-is-layout-requested=false, has-input-connection=false, x=0.0, y=0.0, child-count=3} &#10;|&#10;+---------&gt;AppCompatImageView{id=2131755360, res-name=reload, visibility=VISIBLE, width=168, height=140, has-focus=false, has-focusable=false, has-window-focus=true, is-clickable=false, is-enabled=true, is-focused=false, is-focusable=false, is-layout-requested=false, is-selected=false, root-is-layout-requested=false, has-input-connection=false, x=636.0, y=483.0} &#10;|&#10;+---------&gt;AppCompatTextView{id=2131755361, res-name=errorMessage, visibility=VISIBLE, width=1240, height=76, has-focus=false, has-focusable=false, has-window-focus=true, is-clickable=false, is-enabled=true, is-focused=false, is-focusable=false, is-layout-requested=false, is-selected=false, root-is-layout-requested=false, has-input-connection=false, x=100.0, y=693.0, text=We have experienced an unexpected error., input-type=0, ime-target=false, has-links=false} &#10;|&#10;+---------&gt;AppCompatTextView{id=2131755362, res-name=reloadText, visibility=VISIBLE, width=227, height=76, has-focus=false, has-focusable=false, has-window-focus=true, is-clickable=false, is-enabled=true, is-focused=false, is-focusable=false, is-layout-requested=false, is-selected=false, root-is-layout-requested=false, has-input-connection=false, x=606.0, y=811.0, text=Try again, input-type=0, ime-target=false, has-links=false} &#10;|&#10;+----&gt;ViewStubCompat{id=2131755198, res-name=action_mode_bar_stub, visibility=GONE, width=0, height=0, has-focus=false, has-focusable=false, has-window-focus=true, is-clickable=false, is-enabled=true, is-focused=false, is-focusable=false, is-layout-requested=true, is-selected=false, root-is-layout-requested=false, has-input-connection=false, x=0.0, y=0.0} &#10;|&#10;+-&gt;View{id=16908336, res-name=navigationBarBackground, visibility=VISIBLE, width=1440, height=168, has-focus=false, has-focusable=false, has-window-focus=true, is-clickable=false, is-enabled=true, is-focused=false, is-focusable=false, is-layout-requested=false, is-selected=false, root-is-layout-requested=false, has-input-connection=false, x=0.0, y=2392.0} &#10;|&#10;+-&gt;View{id=16908335, res-name=statusBarBackground, visibility=VISIBLE, width=1440, height=84, has-focus=false, has-focusable=false, has-window-focus=true, is-clickable=false, is-enabled=true, is-focused=false, is-focusable=false, is-layout-requested=false, is-selected=false, root-is-layout-requested=false, has-input-connection=false, x=0.0, y=0.0} &#10;|&#10;&#9;at dalvik.system.VMStack.getThreadStackTrace(Native Method)&#10;&#9;at java.lang.Thread.getStackTrace(Thread.java:1566)&#10;&#9;at android.support.test.espresso.base.DefaultFailureHandler.getUserFriendlyError(DefaultFailureHandler.java:92)&#10;&#9;at android.support.test.espresso.base.DefaultFailureHandler.handle(DefaultFailureHandler.java:56)&#10;&#9;at android.support.test.espresso.ViewInteraction.runSynchronouslyOnUiThread(ViewInteraction.java:184)&#10;&#9;at android.support.test.espresso.ViewInteraction.check(ViewInteraction.java:158)&#10;&#9;at com.sbg.mobile.phone.stepDefinitions.CreditLimitIncreaseSteps$3.perform(CreditLimitIncreaseSteps.java:168)&#10;&#9;at com.sbg.bdd.android.screenplay.AndroidTask.performAs(AndroidTask.java:26)&#10;&#9;at java.lang.reflect.Method.invoke(Native Method)&#10;&#9;at com.sbg.bdd.screenplay.core.internal.ScreenplayStepMethodInfo.invoke(ScreenplayStepMethodInfo.java:118)&#10;&#9;at com.sbg.bdd.screenplay.core.internal.BaseActor.performStep(BaseActor.java:147)&#10;&#9;at com.sbg.bdd.screenplay.core.internal.BaseActor.performSteps(BaseActor.java:131)&#10;&#9;at com.sbg.bdd.screenplay.core.internal.BaseActor.performSteps(BaseActor.java:122)&#10;&#9;at com.sbg.bdd.screenplay.core.internal.BaseActor$3.attemptsTo(BaseActor.java:116)&#10;&#9;at java.lang.reflect.Method.invoke(Native Method)&#10;&#9;at com.sbg.bdd.screenplay.core.internal.ScreenplayStepMethodInfo.invoke(ScreenplayStepMethodInfo.java:118)&#10;&#9;at com.sbg.bdd.screenplay.core.internal.BaseActor.performStep(BaseActor.java:147)&#10;&#9;at com.sbg.bdd.screenplay.core.internal.BaseActor.performSteps(BaseActor.java:131)&#10;&#9;at com.sbg.bdd.screenplay.core.internal.BaseActor.attemptsTo(BaseActor.java:110)&#10;&#9;at com.sbg.mobile.phone.stepDefinitions.CreditLimitIncreaseSteps.iPressNext(CreditLimitIncreaseSteps.java:160)&#10;&#9;at ✽.And I press next(CreditLimitIncreases/steps.feature:6)&#10;" type="cucumber.runtime.CucumberException">android.support.test.espresso.NoMatchingViewException: No views in hierarchy found matching: with id: com.sbg.mobile.phone.trunk:id/newLimitInputDone

View Hierarchy:
+&gt;DecorView{id=-1, visibility=VISIBLE, width=1440, height=2560, has-focus=false, has-focusable=true, has-window-focus=true, is-clickable=false, is-enabled=true, is-focused=false, is-focusable=false, is-layout-requested=false, is-selected=false, root-is-layout-requested=false, has-input-connection=false, x=0.0, y=0.0, child-count=3} 
|
+-&gt;LinearLayout{id=-1, visibility=VISIBLE, width=1440, height=2392, has-focus=false, has-focusable=true, has-window-focus=true, is-clickable=false, is-enabled=true, is-focused=false, is-focusable=false, is-layout-requested=false, is-selected=false, root-is-layout-requested=false, has-input-connection=false, x=0.0, y=0.0, child-count=2} 
|
+--&gt;ViewStub{id=16909295, res-name=action_mode_bar_stub, visibility=GONE, width=0, height=0, has-focus=false, has-focusable=false, has-window-focus=true, is-clickable=false, is-enabled=true, is-focused=false, is-focusable=false, is-layout-requested=true, is-selected=false, root-is-layout-requested=false, has-input-connection=false, x=0.0, y=0.0} 
|
+--&gt;FrameLayout{id=-1, visibility=VISIBLE, width=1440, height=2308, has-focus=false, has-focusable=true, has-window-focus=true, is-clickable=false, is-enabled=true, is-focused=false, is-focusable=false, is-layout-requested=false, is-selected=false, root-is-layout-requested=false, has-input-connection=false, x=0.0, y=84.0, child-count=1} 
|
+---&gt;FitWindowsFrameLayout{id=2131755197, res-name=action_bar_root, visibility=VISIBLE, width=1440, height=2308, has-focus=false, has-focusable=true, has-window-focus=true, is-clickable=false, is-enabled=true, is-focused=false, is-focusable=false, is-layout-requested=false, is-selected=false, root-is-layout-requested=false, has-input-connection=false, x=0.0, y=0.0, child-count=2} 
|
+----&gt;ContentFrameLayout{id=16908290, res-name=content, visibility=VISIBLE, width=1440, height=2308, has-focus=false, has-focusable=true, has-window-focus=true, is-clickable=false, is-enabled=true, is-focused=false, is-focusable=false, is-layout-requested=false, is-selected=false, root-is-layout-requested=false, has-input-connection=false, x=0.0, y=0.0, child-count=1} 
|
+-----&gt;LinearLayout{id=-1, visibility=VISIBLE, width=1440, height=2308, has-focus=false, has-focusable=true, has-window-focus=true, is-clickable=false, is-enabled=true, is-focused=false, is-focusable=false, is-layout-requested=false, is-selected=false, root-is-layout-requested=false, has-input-connection=false, x=0.0, y=0.0, child-count=2} 
|
+------&gt;Toolbar{id=2131755305, res-name=sbg_tool_bar, visibility=VISIBLE, width=1440, height=196, has-focus=false, has-focusable=true, has-window-focus=true, is-clickable=false, is-enabled=true, is-focused=false, is-focusable=false, is-layout-requested=false, is-selected=false, root-is-layout-requested=false, has-input-connection=false, x=0.0, y=0.0, child-count=4} 
|
+-------&gt;AppCompatImageButton{id=-1, desc=Navigate up, visibility=VISIBLE, width=196, height=196, has-focus=false, has-focusable=true, has-window-focus=true, is-clickable=true, is-enabled=true, is-focused=false, is-focusable=true, is-layout-requested=false, is-selected=false, root-is-layout-requested=false, has-input-connection=false, x=0.0, y=0.0} 
|
+-------&gt;AppCompatTextView{id=-1, visibility=VISIBLE, width=676, height=100, has-focus=false, has-focusable=false, has-window-focus=true, is-clickable=false, is-enabled=true, is-focused=false, is-focusable=false, is-layout-requested=false, is-selected=false, root-is-layout-requested=false, has-input-connection=false, x=252.0, y=15.0, text=Credit Limit Increase, input-type=0, ime-target=false, has-links=false} 
|
+-------&gt;AppCompatTextView{id=-1, visibility=VISIBLE, width=490, height=66, has-focus=false, has-focusable=false, has-window-focus=true, is-clickable=false, is-enabled=true, is-focused=false, is-focusable=false, is-layout-requested=false, is-selected=false, root-is-layout-requested=false, has-input-connection=false, x=252.0, y=115.0, text=5120-5503-0641-2204, input-type=0, ime-target=false, has-links=false} 
|
+-------&gt;ActionMenuView{id=-1, visibility=VISIBLE, width=0, height=196, has-focus=false, has-focusable=false, has-window-focus=true, is-clickable=false, is-enabled=true, is-focused=false, is-focusable=false, is-layout-requested=false, is-selected=false, root-is-layout-requested=false, has-input-connection=false, x=1440.0, y=0.0, child-count=0} 
|
+------&gt;LinearLayout{id=2131755376, res-name=fragment_container, visibility=VISIBLE, width=1440, height=2112, has-focus=false, has-focusable=false, has-window-focus=true, is-clickable=false, is-enabled=true, is-focused=false, is-focusable=false, is-layout-requested=false, is-selected=false, root-is-layout-requested=false, has-input-connection=false, x=0.0, y=196.0, child-count=1} 
|
+-------&gt;LinearLayout{id=-1, visibility=VISIBLE, width=1440, height=2112, has-focus=false, has-focusable=false, has-window-focus=true, is-clickable=false, is-enabled=true, is-focused=false, is-focusable=false, is-layout-requested=false, is-selected=false, root-is-layout-requested=false, has-input-connection=false, x=0.0, y=0.0, child-count=3} 
|
+--------&gt;LinearLayout{id=2131756214, res-name=income_expenses_content, visibility=GONE, width=1440, height=2112, has-focus=false, has-focusable=false, has-window-focus=true, is-clickable=false, is-enabled=true, is-focused=false, is-focusable=false, is-layout-requested=true, is-selected=false, root-is-layout-requested=false, has-input-connection=false, x=0.0, y=0.0, child-count=5} 
|
+---------&gt;AppCompatTextView{id=-1, visibility=VISIBLE, width=275, height=66, has-focus=false, has-focusable=false, has-window-focus=true, is-clickable=false, is-enabled=true, is-focused=false, is-focusable=false, is-layout-requested=false, is-selected=false, root-is-layout-requested=false, has-input-connection=false, x=56.0, y=56.0, text=Current limit, input-type=0, ime-target=false, has-links=false} 
|
+---------&gt;AppCompatTextView{id=2131756215, res-name=tv_current_limit, visibility=VISIBLE, width=188, height=76, has-focus=false, has-focusable=false, has-window-focus=true, is-clickable=false, is-enabled=true, is-focused=false, is-focusable=false, is-layout-requested=false, is-selected=false, root-is-layout-requested=false, has-input-connection=false, x=56.0, y=122.0, text=R 10.00, input-type=0, ime-target=false, has-links=false} 
|
+---------&gt;AmountCurrencyInputItemWithHintTextAndCurrencyIndicatorView{id=2131756216, res-name=income_input, visibility=VISIBLE, width=1328, height=318, has-focus=false, has-focusable=true, has-window-focus=true, is-clickable=false, is-enabled=true, is-focused=false, is-focusable=false, is-layout-requested=true, is-selected=false, root-is-layout-requested=false, has-input-connection=false, x=56.0, y=307.0, child-count=1} 
|
+----------&gt;LinearLayout{id=-1, visibility=VISIBLE, width=1328, height=234, has-focus=false, has-focusable=true, has-window-focus=true, is-clickable=false, is-enabled=true, is-focused=false, is-focusable=false, is-layout-requested=true, is-selected=false, root-is-layout-requested=false, has-input-connection=false, x=0.0, y=0.0, child-count=5} 
|
+-----------&gt;AppCompatTextView{id=2131755466, res-name=header, visibility=VISIBLE, width=419, height=57, has-focus=false, has-focusable=false, has-window-focus=true, is-clickable=false, is-enabled=true, is-focused=false, is-focusable=false, is-layout-requested=false, is-selected=false, root-is-layout-requested=false, has-input-connection=false, x=0.0, y=0.0, text=Gross monthly income, input-type=0, ime-target=false, has-links=false} 
|
+-----------&gt;RelativeLayout{id=-1, visibility=VISIBLE, width=1328, height=76, has-focus=false, has-focusable=true, has-window-focus=true, is-clickable=false, is-enabled=true, is-focused=false, is-focusable=false, is-layout-requested=false, is-selected=false, root-is-layout-requested=false, has-input-connection=false, x=0.0, y=75.0, child-count=3} 
|
+------------&gt;AppCompatTextView{id=2131755467, res-name=currency_holder, visibility=VISIBLE, width=63, height=76, has-focus=false, has-focusable=false, has-window-focus=true, is-clickable=false, is-enabled=true, is-focused=false, is-focusable=false, is-layout-requested=false, is-selected=false, root-is-layout-requested=false, has-input-connection=false, x=0.0, y=0.0, text=R, input-type=0, ime-target=false, has-links=false} 
|
+------------&gt;AppCompatTextView{id=2131755468, res-name=currency_pipe, visibility=VISIBLE, width=42, height=76, has-focus=false, has-focusable=false, has-window-focus=true, is-clickable=false, is-enabled=true, is-focused=false, is-focusable=false, is-layout-requested=false, is-selected=false, root-is-layout-requested=false, has-input-connection=false, x=63.0, y=0.0, text=|, input-type=0, ime-target=false, has-links=false} 
|
+------------&gt;AppCompatEditText{id=2131755469, res-name=input, visibility=VISIBLE, width=1223, height=76, has-focus=false, has-focusable=true, has-window-focus=true, is-clickable=true, is-enabled=true, is-focused=false, is-focusable=true, is-layout-requested=false, is-selected=false, root-is-layout-requested=false, has-input-connection=true, editor-info=[inputType=0x1002 imeOptions=0x40000006 privateImeOptions=null actionLabel=null actionId=0 initialSelStart=5 initialSelEnd=5 initialCapsMode=0x1000 hintText=null label=null packageName=null fieldId=0 fieldName=null extras=null hintLocales=null contentMimeTypes=null ], x=105.0, y=0.0, text=12345, input-type=4098, ime-target=true, has-links=false} 
|
+-----------&gt;View{id=2131755470, res-name=divider, visibility=VISIBLE, width=1328, height=1, has-focus=false, has-focusable=false, has-window-focus=true, is-clickable=false, is-enabled=true, is-focused=false, is-focusable=false, is-layout-requested=true, is-selected=false, root-is-layout-requested=false, has-input-connection=false, x=0.0, y=176.0} 
|
+-----------&gt;AppCompatTextView{id=2131755471, res-name=error, visibility=GONE, width=0, height=0, has-focus=false, has-focusable=false, has-window-focus=true, is-clickable=false, is-enabled=true, is-focused=false, is-focusable=false, is-layout-requested=true, is-selected=false, root-is-layout-requested=false, has-input-connection=false, x=0.0, y=0.0, text=, input-type=0, ime-target=false, has-links=false} 
|
+-----------&gt;AppCompatTextView{id=2131755472, res-name=footer, visibility=VISIBLE, width=990, height=57, has-focus=false, has-focusable=false, has-window-focus=true, is-clickable=false, is-enabled=true, is-focused=false, is-focusable=false, is-layout-requested=false, is-selected=false, root-is-layout-requested=false, has-input-connection=false, x=0.0, y=177.0, text=Tell us how much you earn before tax and deductions, input-type=0, ime-target=false, has-links=false} 
|
+---------&gt;AmountCurrencyInputItemWithHintTextAndCurrencyIndicatorView{id=2131756217, res-name=expense_input, visibility=VISIBLE, width=1328, height=371, has-focus=false, has-focusable=true, has-window-focus=true, is-clickable=false, is-enabled=true, is-focused=false, is-focusable=false, is-layout-requested=true, is-selected=false, root-is-layout-requested=false, has-input-connection=false, x=56.0, y=625.0, child-count=1} 
|
+----------&gt;LinearLayout{id=-1, visibility=VISIBLE, width=1328, height=287, has-focus=false, has-focusable=true, has-window-focus=true, is-clickable=false, is-enabled=true, is-focused=false, is-focusable=false, is-layout-requested=true, is-selected=false, root-is-layout-requested=false, has-input-connection=false, x=0.0, y=0.0, child-count=5} 
|
+-----------&gt;AppCompatTextView{id=2131755466, res-name=header, visibility=VISIBLE, width=441, height=57, has-focus=false, has-focusable=false, has-window-focus=true, is-clickable=false, is-enabled=true, is-focused=false, is-focusable=false, is-layout-requested=false, is-selected=false, root-is-layout-requested=false, has-input-connection=false, x=0.0, y=0.0, text=Total monthly expenses, input-type=0, ime-target=false, has-links=false} 
|
+-----------&gt;RelativeLayout{id=-1, visibility=VISIBLE, width=1328, height=76, has-focus=false, has-focusable=true, has-window-focus=true, is-clickable=false, is-enabled=true, is-focused=false, is-focusable=false, is-layout-requested=false, is-selected=false, root-is-layout-requested=false, has-input-connection=false, x=0.0, y=75.0, child-count=3} 
|
+------------&gt;AppCompatTextView{id=2131755467, res-name=currency_holder, visibility=VISIBLE, width=63, height=76, has-focus=false, has-focusable=false, has-window-focus=true, is-clickable=false, is-enabled=true, is-focused=false, is-focusable=false, is-layout-requested=false, is-selected=false, root-is-layout-requested=false, has-input-connection=false, x=0.0, y=0.0, text=R, input-type=0, ime-target=false, has-links=false} 
|
+------------&gt;AppCompatTextView{id=2131755468, res-name=currency_pipe, visibility=VISIBLE, width=42, height=76, has-focus=false, has-focusable=false, has-window-focus=true, is-clickable=false, is-enabled=true, is-focused=false, is-focusable=false, is-layout-requested=false, is-selected=false, root-is-layout-requested=false, has-input-connection=false, x=63.0, y=0.0, text=|, input-type=0, ime-target=false, has-links=false} 
|
+------------&gt;AppCompatEditText{id=2131755469, res-name=input, visibility=VISIBLE, width=1223, height=76, has-focus=false, has-focusable=true, has-window-focus=true, is-clickable=true, is-enabled=true, is-focused=false, is-focusable=true, is-layout-requested=false, is-selected=false, root-is-layout-requested=false, has-input-connection=true, editor-info=[inputType=0x1002 imeOptions=0x40000006 privateImeOptions=null actionLabel=null actionId=0 initialSelStart=5 initialSelEnd=5 initialCapsMode=0x1000 hintText=null label=null packageName=null fieldId=0 fieldName=null extras=null hintLocales=null contentMimeTypes=null ], x=105.0, y=0.0, text=11111, input-type=4098, ime-target=false, has-links=false} 
|
+-----------&gt;View{id=2131755470, res-name=divider, visibility=VISIBLE, width=1328, height=5, has-focus=false, has-focusable=false, has-window-focus=true, is-clickable=false, is-enabled=true, is-focused=false, is-focusable=false, is-layout-requested=true, is-selected=false, root-is-layout-requested=false, has-input-connection=false, x=0.0, y=176.0} 
|
+-----------&gt;AppCompatTextView{id=2131755471, res-name=error, visibility=GONE, width=0, height=0, has-focus=false, has-focusable=false, has-window-focus=true, is-clickable=false, is-enabled=true, is-focused=false, is-focusable=false, is-layout-requested=true, is-selected=false, root-is-layout-requested=false, has-input-connection=false, x=0.0, y=0.0, text=, input-type=0, ime-target=false, has-links=false} 
|
+-----------&gt;AppCompatTextView{id=2131755472, res-name=footer, visibility=VISIBLE, width=1328, height=106, has-focus=false, has-focusable=false, has-window-focus=true, is-clickable=false, is-enabled=true, is-focused=false, is-focusable=false, is-layout-requested=false, is-selected=false, root-is-layout-requested=false, has-input-connection=false, x=0.0, y=181.0, text=Include any loans, rent, bills, debit orders, investments, petrol and other living costs, input-type=0, ime-target=false, has-links=false} 
|
+---------&gt;AppCompatTextView{id=2131756218, res-name=btn_income_expenses_done, visibility=VISIBLE, width=235, height=136, has-focus=false, has-focusable=false, has-window-focus=true, is-clickable=true, is-enabled=true, is-focused=false, is-focusable=false, is-layout-requested=false, is-selected=false, root-is-layout-requested=false, has-input-connection=false, x=1093.0, y=996.0, text=NEXT, input-type=0, ime-target=false, has-links=false} 
|
+--------&gt;FrameLayout{id=2131755339, res-name=progress_view, visibility=GONE, width=1440, height=2112, has-focus=false, has-focusable=false, has-window-focus=true, is-clickable=false, is-enabled=true, is-focused=false, is-focusable=false, is-layout-requested=true, is-selected=false, root-is-layout-requested=false, has-input-connection=false, x=0.0, y=0.0, child-count=1} 
|
+---------&gt;CircularProgressBar{id=2131755510, res-name=progress_bar, visibility=VISIBLE, width=154, height=154, has-focus=false, has-focusable=false, has-window-focus=true, is-clickable=false, is-enabled=true, is-focused=false, is-focusable=false, is-layout-requested=false, is-selected=false, root-is-layout-requested=false, has-input-connection=false, x=643.0, y=979.0} 
|
+--------&gt;LinearLayout{id=2131756219, res-name=retry_view, visibility=VISIBLE, width=1440, height=2112, has-focus=false, has-focusable=false, has-window-focus=true, is-clickable=true, is-enabled=true, is-focused=false, is-focusable=false, is-layout-requested=false, is-selected=false, root-is-layout-requested=false, has-input-connection=false, x=0.0, y=0.0, child-count=3} 
|
+---------&gt;AppCompatImageView{id=2131755360, res-name=reload, visibility=VISIBLE, width=168, height=140, has-focus=false, has-focusable=false, has-window-focus=true, is-clickable=false, is-enabled=true, is-focused=false, is-focusable=false, is-layout-requested=false, is-selected=false, root-is-layout-requested=false, has-input-connection=false, x=636.0, y=483.0} 
|
+---------&gt;AppCompatTextView{id=2131755361, res-name=errorMessage, visibility=VISIBLE, width=1240, height=76, has-focus=false, has-focusable=false, has-window-focus=true, is-clickable=false, is-enabled=true, is-focused=false, is-focusable=false, is-layout-requested=false, is-selected=false, root-is-layout-requested=false, has-input-connection=false, x=100.0, y=693.0, text=We have experienced an unexpected error., input-type=0, ime-target=false, has-links=false} 
|
+---------&gt;AppCompatTextView{id=2131755362, res-name=reloadText, visibility=VISIBLE, width=227, height=76, has-focus=false, has-focusable=false, has-window-focus=true, is-clickable=false, is-enabled=true, is-focused=false, is-focusable=false, is-layout-requested=false, is-selected=false, root-is-layout-requested=false, has-input-connection=false, x=606.0, y=811.0, text=Try again, input-type=0, ime-target=false, has-links=false} 
|
+----&gt;ViewStubCompat{id=2131755198, res-name=action_mode_bar_stub, visibility=GONE, width=0, height=0, has-focus=false, has-focusable=false, has-window-focus=true, is-clickable=false, is-enabled=true, is-focused=false, is-focusable=false, is-layout-requested=true, is-selected=false, root-is-layout-requested=false, has-input-connection=false, x=0.0, y=0.0} 
|
+-&gt;View{id=16908336, res-name=navigationBarBackground, visibility=VISIBLE, width=1440, height=168, has-focus=false, has-focusable=false, has-window-focus=true, is-clickable=false, is-enabled=true, is-focused=false, is-focusable=false, is-layout-requested=false, is-selected=false, root-is-layout-requested=false, has-input-connection=false, x=0.0, y=2392.0} 
|
+-&gt;View{id=16908335, res-name=statusBarBackground, visibility=VISIBLE, width=1440, height=84, has-focus=false, has-focusable=false, has-window-focus=true, is-clickable=false, is-enabled=true, is-focused=false, is-focusable=false, is-layout-requested=false, is-selected=false, root-is-layout-requested=false, has-input-connection=false, x=0.0, y=0.0} 
|
	at dalvik.system.VMStack.getThreadStackTrace(Native Method)
	at java.lang.Thread.getStackTrace(Thread.java:1566)
	at android.support.test.espresso.base.DefaultFailureHandler.getUserFriendlyError(DefaultFailureHandler.java:92)
	at android.support.test.espresso.base.DefaultFailureHandler.handle(DefaultFailureHandler.java:56)
	at android.support.test.espresso.ViewInteraction.runSynchronouslyOnUiThread(ViewInteraction.java:184)
	at android.support.test.espresso.ViewInteraction.check(ViewInteraction.java:158)
	at com.sbg.mobile.phone.stepDefinitions.CreditLimitIncreaseSteps$3.perform(CreditLimitIncreaseSteps.java:168)
	at com.sbg.bdd.android.screenplay.AndroidTask.performAs(AndroidTask.java:26)
	at java.lang.reflect.Method.invoke(Native Method)
	at com.sbg.bdd.screenplay.core.internal.ScreenplayStepMethodInfo.invoke(ScreenplayStepMethodInfo.java:118)
	at com.sbg.bdd.screenplay.core.internal.BaseActor.performStep(BaseActor.java:147)
	at com.sbg.bdd.screenplay.core.internal.BaseActor.performSteps(BaseActor.java:131)
	at com.sbg.bdd.screenplay.core.internal.BaseActor.performSteps(BaseActor.java:122)
	at com.sbg.bdd.screenplay.core.internal.BaseActor$3.attemptsTo(BaseActor.java:116)
	at java.lang.reflect.Method.invoke(Native Method)
	at com.sbg.bdd.screenplay.core.internal.ScreenplayStepMethodInfo.invoke(ScreenplayStepMethodInfo.java:118)
	at com.sbg.bdd.screenplay.core.internal.BaseActor.performStep(BaseActor.java:147)
	at com.sbg.bdd.screenplay.core.internal.BaseActor.performSteps(BaseActor.java:131)
	at com.sbg.bdd.screenplay.core.internal.BaseActor.attemptsTo(BaseActor.java:110)
	at com.sbg.mobile.phone.stepDefinitions.CreditLimitIncreaseSteps.iPressNext(CreditLimitIncreaseSteps.java:160)
	at ✽.And I press next(CreditLimitIncreases/steps.feature:6)
</error><system-err>android.support.test.espresso.NoMatchingViewException: No views in hierarchy found matching: with id: com.sbg.mobile.phone.trunk:id/newLimitInputDone

View Hierarchy:
+&gt;DecorView{id=-1, visibility=VISIBLE, width=1440, height=2560, has-focus=false, has-focusable=true, has-window-focus=true, is-clickable=false, is-enabled=true, is-focused=false, is-focusable=false, is-layout-requested=false, is-selected=false, root-is-layout-requested=false, has-input-connection=false, x=0.0, y=0.0, child-count=3} 
|
+-&gt;LinearLayout{id=-1, visibility=VISIBLE, width=1440, height=2392, has-focus=false, has-focusable=true, has-window-focus=true, is-clickable=false, is-enabled=true, is-focused=false, is-focusable=false, is-layout-requested=false, is-selected=false, root-is-layout-requested=false, has-input-connection=false, x=0.0, y=0.0, child-count=2} 
|
+--&gt;ViewStub{id=16909295, res-name=action_mode_bar_stub, visibility=GONE, width=0, height=0, has-focus=false, has-focusable=false, has-window-focus=true, is-clickable=false, is-enabled=true, is-focused=false, is-focusable=false, is-layout-requested=true, is-selected=false, root-is-layout-requested=false, has-input-connection=false, x=0.0, y=0.0} 
|
+--&gt;FrameLayout{id=-1, visibility=VISIBLE, width=1440, height=2308, has-focus=false, has-focusable=true, has-window-focus=true, is-clickable=false, is-enabled=true, is-focused=false, is-focusable=false, is-layout-requested=false, is-selected=false, root-is-layout-requested=false, has-input-connection=false, x=0.0, y=84.0, child-count=1} 
|
+---&gt;FitWindowsFrameLayout{id=2131755197, res-name=action_bar_root, visibility=VISIBLE, width=1440, height=2308, has-focus=false, has-focusable=true, has-window-focus=true, is-clickable=false, is-enabled=true, is-focused=false, is-focusable=false, is-layout-requested=false, is-selected=false, root-is-layout-requested=false, has-input-connection=false, x=0.0, y=0.0, child-count=2} 
|
+----&gt;ContentFrameLayout{id=16908290, res-name=content, visibility=VISIBLE, width=1440, height=2308, has-focus=false, has-focusable=true, has-window-focus=true, is-clickable=false, is-enabled=true, is-focused=false, is-focusable=false, is-layout-requested=false, is-selected=false, root-is-layout-requested=false, has-input-connection=false, x=0.0, y=0.0, child-count=1} 
|
+-----&gt;LinearLayout{id=-1, visibility=VISIBLE, width=1440, height=2308, has-focus=false, has-focusable=true, has-window-focus=true, is-clickable=false, is-enabled=true, is-focused=false, is-focusable=false, is-layout-requested=false, is-selected=false, root-is-layout-requested=false, has-input-connection=false, x=0.0, y=0.0, child-count=2} 
|
+------&gt;Toolbar{id=2131755305, res-name=sbg_tool_bar, visibility=VISIBLE, width=1440, height=196, has-focus=false, has-focusable=true, has-window-focus=true, is-clickable=false, is-enabled=true, is-focused=false, is-focusable=false, is-layout-requested=false, is-selected=false, root-is-layout-requested=false, has-input-connection=false, x=0.0, y=0.0, child-count=4} 
|
+-------&gt;AppCompatImageButton{id=-1, desc=Navigate up, visibility=VISIBLE, width=196, height=196, has-focus=false, has-focusable=true, has-window-focus=true, is-clickable=true, is-enabled=true, is-focused=false, is-focusable=true, is-layout-requested=false, is-selected=false, root-is-layout-requested=false, has-input-connection=false, x=0.0, y=0.0} 
|
+-------&gt;AppCompatTextView{id=-1, visibility=VISIBLE, width=676, height=100, has-focus=false, has-focusable=false, has-window-focus=true, is-clickable=false, is-enabled=true, is-focused=false, is-focusable=false, is-layout-requested=false, is-selected=false, root-is-layout-requested=false, has-input-connection=false, x=252.0, y=15.0, text=Credit Limit Increase, input-type=0, ime-target=false, has-links=false} 
|
+-------&gt;AppCompatTextView{id=-1, visibility=VISIBLE, width=490, height=66, has-focus=false, has-focusable=false, has-window-focus=true, is-clickable=false, is-enabled=true, is-focused=false, is-focusable=false, is-layout-requested=false, is-selected=false, root-is-layout-requested=false, has-input-connection=false, x=252.0, y=115.0, text=5120-5503-0641-2204, input-type=0, ime-target=false, has-links=false} 
|
+-------&gt;ActionMenuView{id=-1, visibility=VISIBLE, width=0, height=196, has-focus=false, has-focusable=false, has-window-focus=true, is-clickable=false, is-enabled=true, is-focused=false, is-focusable=false, is-layout-requested=false, is-selected=false, root-is-layout-requested=false, has-input-connection=false, x=1440.0, y=0.0, child-count=0} 
|
+------&gt;LinearLayout{id=2131755376, res-name=fragment_container, visibility=VISIBLE, width=1440, height=2112, has-focus=false, has-focusable=false, has-window-focus=true, is-clickable=false, is-enabled=true, is-focused=false, is-focusable=false, is-layout-requested=false, is-selected=false, root-is-layout-requested=false, has-input-connection=false, x=0.0, y=196.0, child-count=1} 
|
+-------&gt;LinearLayout{id=-1, visibility=VISIBLE, width=1440, height=2112, has-focus=false, has-focusable=false, has-window-focus=true, is-clickable=false, is-enabled=true, is-focused=false, is-focusable=false, is-layout-requested=false, is-selected=false, root-is-layout-requested=false, has-input-connection=false, x=0.0, y=0.0, child-count=3} 
|
+--------&gt;LinearLayout{id=2131756214, res-name=income_expenses_content, visibility=GONE, width=1440, height=2112, has-focus=false, has-focusable=false, has-window-focus=true, is-clickable=false, is-enabled=true, is-focused=false, is-focusable=false, is-layout-requested=true, is-selected=false, root-is-layout-requested=false, has-input-connection=false, x=0.0, y=0.0, child-count=5} 
|
+---------&gt;AppCompatTextView{id=-1, visibility=VISIBLE, width=275, height=66, has-focus=false, has-focusable=false, has-window-focus=true, is-clickable=false, is-enabled=true, is-focused=false, is-focusable=false, is-layout-requested=false, is-selected=false, root-is-layout-requested=false, has-input-connection=false, x=56.0, y=56.0, text=Current limit, input-type=0, ime-target=false, has-links=false} 
|
+---------&gt;AppCompatTextView{id=2131756215, res-name=tv_current_limit, visibility=VISIBLE, width=188, height=76, has-focus=false, has-focusable=false, has-window-focus=true, is-clickable=false, is-enabled=true, is-focused=false, is-focusable=false, is-layout-requested=false, is-selected=false, root-is-layout-requested=false, has-input-connection=false, x=56.0, y=122.0, text=R 10.00, input-type=0, ime-target=false, has-links=false} 
|
+---------&gt;AmountCurrencyInputItemWithHintTextAndCurrencyIndicatorView{id=2131756216, res-name=income_input, visibility=VISIBLE, width=1328, height=318, has-focus=false, has-focusable=true, has-window-focus=true, is-clickable=false, is-enabled=true, is-focused=false, is-focusable=false, is-layout-requested=true, is-selected=false, root-is-layout-requested=false, has-input-connection=false, x=56.0, y=307.0, child-count=1} 
|
+----------&gt;LinearLayout{id=-1, visibility=VISIBLE, width=1328, height=234, has-focus=false, has-focusable=true, has-window-focus=true, is-clickable=false, is-enabled=true, is-focused=false, is-focusable=false, is-layout-requested=true, is-selected=false, root-is-layout-requested=false, has-input-connection=false, x=0.0, y=0.0, child-count=5} 
|
+-----------&gt;AppCompatTextView{id=2131755466, res-name=header, visibility=VISIBLE, width=419, height=57, has-focus=false, has-focusable=false, has-window-focus=true, is-clickable=false, is-enabled=true, is-focused=false, is-focusable=false, is-layout-requested=false, is-selected=false, root-is-layout-requested=false, has-input-connection=false, x=0.0, y=0.0, text=Gross monthly income, input-type=0, ime-target=false, has-links=false} 
|
+-----------&gt;RelativeLayout{id=-1, visibility=VISIBLE, width=1328, height=76, has-focus=false, has-focusable=true, has-window-focus=true, is-clickable=false, is-enabled=true, is-focused=false, is-focusable=false, is-layout-requested=false, is-selected=false, root-is-layout-requested=false, has-input-connection=false, x=0.0, y=75.0, child-count=3} 
|
+------------&gt;AppCompatTextView{id=2131755467, res-name=currency_holder, visibility=VISIBLE, width=63, height=76, has-focus=false, has-focusable=false, has-window-focus=true, is-clickable=false, is-enabled=true, is-focused=false, is-focusable=false, is-layout-requested=false, is-selected=false, root-is-layout-requested=false, has-input-connection=false, x=0.0, y=0.0, text=R, input-type=0, ime-target=false, has-links=false} 
|
+------------&gt;AppCompatTextView{id=2131755468, res-name=currency_pipe, visibility=VISIBLE, width=42, height=76, has-focus=false, has-focusable=false, has-window-focus=true, is-clickable=false, is-enabled=true, is-focused=false, is-focusable=false, is-layout-requested=false, is-selected=false, root-is-layout-requested=false, has-input-connection=false, x=63.0, y=0.0, text=|, input-type=0, ime-target=false, has-links=false} 
|
+------------&gt;AppCompatEditText{id=2131755469, res-name=input, visibility=VISIBLE, width=1223, height=76, has-focus=false, has-focusable=true, has-window-focus=true, is-clickable=true, is-enabled=true, is-focused=false, is-focusable=true, is-layout-requested=false, is-selected=false, root-is-layout-requested=false, has-input-connection=true, editor-info=[inputType=0x1002 imeOptions=0x40000006 privateImeOptions=null actionLabel=null actionId=0 initialSelStart=5 initialSelEnd=5 initialCapsMode=0x1000 hintText=null label=null packageName=null fieldId=0 fieldName=null extras=null hintLocales=null contentMimeTypes=null ], x=105.0, y=0.0, text=12345, input-type=4098, ime-target=true, has-links=false} 
|
+-----------&gt;View{id=2131755470, res-name=divider, visibility=VISIBLE, width=1328, height=1, has-focus=false, has-focusable=false, has-window-focus=true, is-clickable=false, is-enabled=true, is-focused=false, is-focusable=false, is-layout-requested=true, is-selected=false, root-is-layout-requested=false, has-input-connection=false, x=0.0, y=176.0} 
|
+-----------&gt;AppCompatTextView{id=2131755471, res-name=error, visibility=GONE, width=0, height=0, has-focus=false, has-focusable=false, has-window-focus=true, is-clickable=false, is-enabled=true, is-focused=false, is-focusable=false, is-layout-requested=true, is-selected=false, root-is-layout-requested=false, has-input-connection=false, x=0.0, y=0.0, text=, input-type=0, ime-target=false, has-links=false} 
|
+-----------&gt;AppCompatTextView{id=2131755472, res-name=footer, visibility=VISIBLE, width=990, height=57, has-focus=false, has-focusable=false, has-window-focus=true, is-clickable=false, is-enabled=true, is-focused=false, is-focusable=false, is-layout-requested=false, is-selected=false, root-is-layout-requested=false, has-input-connection=false, x=0.0, y=177.0, text=Tell us how much you earn before tax and deductions, input-type=0, ime-target=false, has-links=false} 
|
+---------&gt;AmountCurrencyInputItemWithHintTextAndCurrencyIndicatorView{id=2131756217, res-name=expense_input, visibility=VISIBLE, width=1328, height=371, has-focus=false, has-focusable=true, has-window-focus=true, is-clickable=false, is-enabled=true, is-focused=false, is-focusable=false, is-layout-requested=true, is-selected=false, root-is-layout-requested=false, has-input-connection=false, x=56.0, y=625.0, child-count=1} 
|
+----------&gt;LinearLayout{id=-1, visibility=VISIBLE, width=1328, height=287, has-focus=false, has-focusable=true, has-window-focus=true, is-clickable=false, is-enabled=true, is-focused=false, is-focusable=false, is-layout-requested=true, is-selected=false, root-is-layout-requested=false, has-input-connection=false, x=0.0, y=0.0, child-count=5} 
|
+-----------&gt;AppCompatTextView{id=2131755466, res-name=header, visibility=VISIBLE, width=441, height=57, has-focus=false, has-focusable=false, has-window-focus=true, is-clickable=false, is-enabled=true, is-focused=false, is-focusable=false, is-layout-requested=false, is-selected=false, root-is-layout-requested=false, has-input-connection=false, x=0.0, y=0.0, text=Total monthly expenses, input-type=0, ime-target=false, has-links=false} 
|
+-----------&gt;RelativeLayout{id=-1, visibility=VISIBLE, width=1328, height=76, has-focus=false, has-focusable=true, has-window-focus=true, is-clickable=false, is-enabled=true, is-focused=false, is-focusable=false, is-layout-requested=false, is-selected=false, root-is-layout-requested=false, has-input-connection=false, x=0.0, y=75.0, child-count=3} 
|
+------------&gt;AppCompatTextView{id=2131755467, res-name=currency_holder, visibility=VISIBLE, width=63, height=76, has-focus=false, has-focusable=false, has-window-focus=true, is-clickable=false, is-enabled=true, is-focused=false, is-focusable=false, is-layout-requested=false, is-selected=false, root-is-layout-requested=false, has-input-connection=false, x=0.0, y=0.0, text=R, input-type=0, ime-target=false, has-links=false} 
|
+------------&gt;AppCompatTextView{id=2131755468, res-name=currency_pipe, visibility=VISIBLE, width=42, height=76, has-focus=false, has-focusable=false, has-window-focus=true, is-clickable=false, is-enabled=true, is-focused=false, is-focusable=false, is-layout-requested=false, is-selected=false, root-is-layout-requested=false, has-input-connection=false, x=63.0, y=0.0, text=|, input-type=0, ime-target=false, has-links=false} 
|
+------------&gt;AppCompatEditText{id=2131755469, res-name=input, visibility=VISIBLE, width=1223, height=76, has-focus=false, has-focusable=true, has-window-focus=true, is-clickable=true, is-enabled=true, is-focused=false, is-focusable=true, is-layout-requested=false, is-selected=false, root-is-layout-requested=false, has-input-connection=true, editor-info=[inputType=0x1002 imeOptions=0x40000006 privateImeOptions=null actionLabel=null actionId=0 initialSelStart=5 initialSelEnd=5 initialCapsMode=0x1000 hintText=null label=null packageName=null fieldId=0 fieldName=null extras=null hintLocales=null contentMimeTypes=null ], x=105.0, y=0.0, text=11111, input-type=4098, ime-target=false, has-links=false} 
|
+-----------&gt;View{id=2131755470, res-name=divider, visibility=VISIBLE, width=1328, height=5, has-focus=false, has-focusable=false, has-window-focus=true, is-clickable=false, is-enabled=true, is-focused=false, is-focusable=false, is-layout-requested=true, is-selected=false, root-is-layout-requested=false, has-input-connection=false, x=0.0, y=176.0} 
|
+-----------&gt;AppCompatTextView{id=2131755471, res-name=error, visibility=GONE, width=0, height=0, has-focus=false, has-focusable=false, has-window-focus=true, is-clickable=false, is-enabled=true, is-focused=false, is-focusable=false, is-layout-requested=true, is-selected=false, root-is-layout-requested=false, has-input-connection=false, x=0.0, y=0.0, text=, input-type=0, ime-target=false, has-links=false} 
|
+-----------&gt;AppCompatTextView{id=2131755472, res-name=footer, visibility=VISIBLE, width=1328, height=106, has-focus=false, has-focusable=false, has-window-focus=true, is-clickable=false, is-enabled=true, is-focused=false, is-focusable=false, is-layout-requested=false, is-selected=false, root-is-layout-requested=false, has-input-connection=false, x=0.0, y=181.0, text=Include any loans, rent, bills, debit orders, investments, petrol and other living costs, input-type=0, ime-target=false, has-links=false} 
|
+---------&gt;AppCompatTextView{id=2131756218, res-name=btn_income_expenses_done, visibility=VISIBLE, width=235, height=136, has-focus=false, has-focusable=false, has-window-focus=true, is-clickable=true, is-enabled=true, is-focused=false, is-focusable=false, is-layout-requested=false, is-selected=false, root-is-layout-requested=false, has-input-connection=false, x=1093.0, y=996.0, text=NEXT, input-type=0, ime-target=false, has-links=false} 
|
+--------&gt;FrameLayout{id=2131755339, res-name=progress_view, visibility=GONE, width=1440, height=2112, has-focus=false, has-focusable=false, has-window-focus=true, is-clickable=false, is-enabled=true, is-focused=false, is-focusable=false, is-layout-requested=true, is-selected=false, root-is-layout-requested=false, has-input-connection=false, x=0.0, y=0.0, child-count=1} 
|
+---------&gt;CircularProgressBar{id=2131755510, res-name=progress_bar, visibility=VISIBLE, width=154, height=154, has-focus=false, has-focusable=false, has-window-focus=true, is-clickable=false, is-enabled=true, is-focused=false, is-focusable=false, is-layout-requested=false, is-selected=false, root-is-layout-requested=false, has-input-connection=false, x=643.0, y=979.0} 
|
+--------&gt;LinearLayout{id=2131756219, res-name=retry_view, visibility=VISIBLE, width=1440, height=2112, has-focus=false, has-focusable=false, has-window-focus=true, is-clickable=true, is-enabled=true, is-focused=false, is-focusable=false, is-layout-requested=false, is-selected=false, root-is-layout-requested=false, has-input-connection=false, x=0.0, y=0.0, child-count=3} 
|
+---------&gt;AppCompatImageView{id=2131755360, res-name=reload, visibility=VISIBLE, width=168, height=140, has-focus=false, has-focusable=false, has-window-focus=true, is-clickable=false, is-enabled=true, is-focused=false, is-focusable=false, is-layout-requested=false, is-selected=false, root-is-layout-requested=false, has-input-connection=false, x=636.0, y=483.0} 
|
+---------&gt;AppCompatTextView{id=2131755361, res-name=errorMessage, visibility=VISIBLE, width=1240, height=76, has-focus=false, has-focusable=false, has-window-focus=true, is-clickable=false, is-enabled=true, is-focused=false, is-focusable=false, is-layout-requested=false, is-selected=false, root-is-layout-requested=false, has-input-connection=false, x=100.0, y=693.0, text=We have experienced an unexpected error., input-type=0, ime-target=false, has-links=false} 
|
+---------&gt;AppCompatTextView{id=2131755362, res-name=reloadText, visibility=VISIBLE, width=227, height=76, has-focus=false, has-focusable=false, has-window-focus=true, is-clickable=false, is-enabled=true, is-focused=false, is-focusable=false, is-layout-requested=false, is-selected=false, root-is-layout-requested=false, has-input-connection=false, x=606.0, y=811.0, text=Try again, input-type=0, ime-target=false, has-links=false} 
|
+----&gt;ViewStubCompat{id=2131755198, res-name=action_mode_bar_stub, visibility=GONE, width=0, height=0, has-focus=false, has-focusable=false, has-window-focus=true, is-clickable=false, is-enabled=true, is-focused=false, is-focusable=false, is-layout-requested=true, is-selected=false, root-is-layout-requested=false, has-input-connection=false, x=0.0, y=0.0} 
|
+-&gt;View{id=16908336, res-name=navigationBarBackground, visibility=VISIBLE, width=1440, height=168, has-focus=false, has-focusable=false, has-window-focus=true, is-clickable=false, is-enabled=true, is-focused=false, is-focusable=false, is-layout-requested=false, is-selected=false, root-is-layout-requested=false, has-input-connection=false, x=0.0, y=2392.0} 
|
+-&gt;View{id=16908335, res-name=statusBarBackground, visibility=VISIBLE, width=1440, height=84, has-focus=false, has-focusable=false, has-window-focus=true, is-clickable=false, is-enabled=true, is-focused=false, is-focusable=false, is-layout-requested=false, is-selected=false, root-is-layout-requested=false, has-input-connection=false, x=0.0, y=0.0} 
|
	at dalvik.system.VMStack.getThreadStackTrace(Native Method)
	at java.lang.Thread.getStackTrace(Thread.java:1566)
	at android.support.test.espresso.base.DefaultFailureHandler.getUserFriendlyError(DefaultFailureHandler.java:92)
	at android.support.test.espresso.base.DefaultFailureHandler.handle(DefaultFailureHandler.java:56)
	at android.support.test.espresso.ViewInteraction.runSynchronouslyOnUiThread(ViewInteraction.java:184)
	at android.support.test.espresso.ViewInteraction.check(ViewInteraction.java:158)
	at com.sbg.mobile.phone.stepDefinitions.CreditLimitIncreaseSteps$3.perform(CreditLimitIncreaseSteps.java:168)
	at com.sbg.bdd.android.screenplay.AndroidTask.performAs(AndroidTask.java:26)
	at java.lang.reflect.Method.invoke(Native Method)
	at com.sbg.bdd.screenplay.core.internal.ScreenplayStepMethodInfo.invoke(ScreenplayStepMethodInfo.java:118)
	at com.sbg.bdd.screenplay.core.internal.BaseActor.performStep(BaseActor.java:147)
	at com.sbg.bdd.screenplay.core.internal.BaseActor.performSteps(BaseActor.java:131)
	at com.sbg.bdd.screenplay.core.internal.BaseActor.performSteps(BaseActor.java:122)
	at com.sbg.bdd.screenplay.core.internal.BaseActor$3.attemptsTo(BaseActor.java:116)
	at java.lang.reflect.Method.invoke(Native Method)
	at com.sbg.bdd.screenplay.core.internal.ScreenplayStepMethodInfo.invoke(ScreenplayStepMethodInfo.java:118)
	at com.sbg.bdd.screenplay.core.internal.BaseActor.performStep(BaseActor.java:147)
	at com.sbg.bdd.screenplay.core.internal.BaseActor.performSteps(BaseActor.java:131)
	at com.sbg.bdd.screenplay.core.internal.BaseActor.attemptsTo(BaseActor.java:110)
	at com.sbg.mobile.phone.stepDefinitions.CreditLimitIncreaseSteps.iPressNext(CreditLimitIncreaseSteps.java:160)
	at ✽.And I press next(CreditLimitIncreases/steps.feature:6)

com.sbg.bdd.wiremock.scoped.integration.cucumber.CucumberFormattingScopeListener.publishSerenityResults(CucumberFormattingScopeListener.java:91)
com.sbg.bdd.wiremock.scoped.integration.cucumber.CucumberFormattingScopeListener.main(CucumberFormattingScopeListener.java:70)
</system-err></testcase></testsuite>